[20:23:35] [main/INFO] [REI] Registered plugin provider DefaultPlugin [roughlyenoughitems] for REIPlugin
[20:23:35] [main/INFO] [REI] Registered plugin provider DefaultRuntimePlugin [roughlyenoughitems] for REIPlugin
[20:23:35] [main/INFO] [REI] Registered plugin provider DefaultPlugin [roughlyenoughitems] for REIServerPlugin
[20:23:35] [main/INFO] [REI] Registered plugin provider DefaultRuntimePlugin [roughlyenoughitems] for REIServerPlugin
[20:23:35] [main/INFO] [REI] Registered plugin provider FabricFluidAPISupportPlugin for REIServerPlugin
[20:23:35] [main/INFO] [REI] Registered plugin provider FabricFluidAPISupportPlugin for REIPlugin
[20:23:38] [Worker-Main-5/DEBUG] [REI] [START] Reloading Section: "pre-register/"
[20:23:38] [Worker-Main-5/DEBUG] [REI] [START] Reloading Section: "pre-register/DefaultPlugin [roughlyenoughitems]/"
[20:23:38] [Worker-Main-5/DEBUG] [REI] [START] Reloading Section: "pre-register/DefaultPlugin [roughlyenoughitems]/" done in 1.764 ms
[20:23:38] [Worker-Main-5/DEBUG] [REI] [START] Reloading Section: "pre-register/FabricFluidAPISupportPlugin/"
[20:23:38] [Worker-Main-5/DEBUG] [REI] [START] Reloading Section: "pre-register/FabricFluidAPISupportPlugin/" done in 17.40 μs
[20:23:38] [Worker-Main-5/DEBUG] [REI] [START] Reloading Section: "pre-register/DefaultRuntimePlugin [roughlyenoughitems]/"
[20:23:38] [Worker-Main-5/DEBUG] [REI] [START] Reloading Section: "pre-register/DefaultRuntimePlugin [roughlyenoughitems]/" done in 8.600 μs
[20:23:38] [Worker-Main-5/DEBUG] [REI] [START] Reloading Section: "pre-register/" done in 28.74 ms
[20:23:38] [Worker-Main-5/DEBUG] [REI] [START] Reloading Section: "pre-register/"
[20:23:38] [Worker-Main-5/DEBUG] [REI] [START] Reloading Section: "pre-register/DefaultPlugin [roughlyenoughitems]/"
[20:23:38] [Worker-Main-5/DEBUG] [REI] [START] Reloading Section: "pre-register/DefaultPlugin [roughlyenoughitems]/" done in 8.700 μs
[20:23:38] [Worker-Main-5/DEBUG] [REI] [START] Reloading Section: "pre-register/FabricFluidAPISupportPlugin/"
[20:23:38] [Worker-Main-5/DEBUG] [REI] [START] Reloading Section: "pre-register/FabricFluidAPISupportPlugin/" done in 28.80 μs
[20:23:38] [Worker-Main-5/DEBUG] [REI] [START] Reloading Section: "pre-register/DefaultRuntimePlugin [roughlyenoughitems]/"
[20:23:38] [Worker-Main-5/DEBUG] [REI] [START] Reloading Section: "pre-register/DefaultRuntimePlugin [roughlyenoughitems]/" done in 8.600 μs
[20:23:38] [Worker-Main-5/DEBUG] [REI] [START] Reloading Section: "pre-register/" done in 1.089 ms
[20:23:38] [Worker-Main-5/DEBUG] [REI] [START] Reloading Section: "start-reload/"
[20:23:38] [Worker-Main-5/DEBUG] [REI] [START] Reloading Section: "start-reload/EntryTypeRegistryImpl/"
[20:23:38] [Worker-Main-5/DEBUG] [REI] [START] Reloading Section: "start-reload/EntryTypeRegistryImpl/" done in 343.8 μs
[20:23:38] [Worker-Main-5/DEBUG] [REI] [START] Reloading Section: "start-reload/EntrySettingsAdapterRegistryImpl/"
[20:23:38] [Worker-Main-5/DEBUG] [REI] [START] Reloading Section: "start-reload/EntrySettingsAdapterRegistryImpl/" done in 9.100 μs
[20:23:38] [Worker-Main-5/DEBUG] [REI] [START] Reloading Section: "start-reload/RecipeManagerContextImpl/"
[20:23:38] [Worker-Main-5/DEBUG] [REI] [START] Reloading Section: "start-reload/RecipeManagerContextImpl/" done in 6.400 μs
[20:23:38] [Worker-Main-5/DEBUG] [REI] [START] Reloading Section: "start-reload/ItemComparatorRegistryImpl/"
[20:23:38] [Worker-Main-5/DEBUG] [REI] [START] Reloading Section: "start-reload/ItemComparatorRegistryImpl/" done in 26.10 μs
[20:23:38] [Worker-Main-5/DEBUG] [REI] [START] Reloading Section: "start-reload/FluidComparatorRegistryImpl/"
[20:23:38] [Worker-Main-5/DEBUG] [REI] [START] Reloading Section: "start-reload/FluidComparatorRegistryImpl/" done in 6.200 μs
[20:23:38] [Worker-Main-5/DEBUG] [REI] [START] Reloading Section: "start-reload/DisplaySerializerRegistryImpl/"
[20:23:38] [Worker-Main-5/DEBUG] [REI] [START] Reloading Section: "start-reload/DisplaySerializerRegistryImpl/" done in 6.800 μs
[20:23:38] [Worker-Main-5/DEBUG] [REI] [START] Reloading Section: "start-reload/FluidSupportProviderImpl/"
[20:23:38] [Worker-Main-5/DEBUG] [REI] [START] Reloading Section: "start-reload/FluidSupportProviderImpl/" done in 15.40 μs
[20:23:38] [Worker-Main-5/DEBUG] [REI] [START] Reloading Section: "start-reload/" done in 2.114 ms
[20:23:38] [Worker-Main-5/INFO] [REI] Reloading Plugin Manager [REIPlugin] stage [START], registered 3 plugins: DefaultRuntimePlugin [roughlyenoughitems], FabricFluidAPISupportPlugin, DefaultPlugin [roughlyenoughitems]
[20:23:38] [Worker-Main-5/DEBUG] [REI] [START] Reloading Section: "reloadable-plugin/EntryTypeRegistryImpl/"
[20:23:38] [Worker-Main-5/DEBUG] [REI] [START] Reloading Section: "reloadable-plugin/EntryTypeRegistryImpl/DefaultPlugin [roughlyenoughitems]/"
[20:23:38] [Worker-Main-5/DEBUG] [REI] [START] Reloading Section: "reloadable-plugin/EntryTypeRegistryImpl/DefaultPlugin [roughlyenoughitems]/" done in 154.1 μs
[20:23:38] [Worker-Main-5/DEBUG] [REI] [START] Reloading Section: "reloadable-plugin/EntryTypeRegistryImpl/FabricFluidAPISupportPlugin/"
[20:23:38] [Worker-Main-5/DEBUG] [REI] [START] Reloading Section: "reloadable-plugin/EntryTypeRegistryImpl/FabricFluidAPISupportPlugin/" done in 114.3 μs
[20:23:38] [Worker-Main-5/DEBUG] [REI] [START] Reloading Section: "reloadable-plugin/EntryTypeRegistryImpl/DefaultRuntimePlugin [roughlyenoughitems]/"
[20:23:38] [Worker-Main-5/DEBUG] [REI] [START] Reloading Section: "reloadable-plugin/EntryTypeRegistryImpl/DefaultRuntimePlugin [roughlyenoughitems]/" done in 11.75 ms
[20:23:38] [Worker-Main-5/DEBUG] [REI] [START] Reloading Section: "reloadable-plugin/EntryTypeRegistryImpl/" done in 13.03 ms
[20:23:38] [Worker-Main-5/DEBUG] [REI] [START] Reloading Section: "reloadable-plugin/EntrySettingsAdapterRegistryImpl/"
[20:23:38] [Worker-Main-5/DEBUG] [REI] [START] Reloading Section: "reloadable-plugin/EntrySettingsAdapterRegistryImpl/DefaultPlugin [roughlyenoughitems]/"
[20:23:38] [Worker-Main-5/DEBUG] [REI] [START] Reloading Section: "reloadable-plugin/EntrySettingsAdapterRegistryImpl/DefaultPlugin [roughlyenoughitems]/" done in 14.30 μs
[20:23:38] [Worker-Main-5/DEBUG] [REI] [START] Reloading Section: "reloadable-plugin/EntrySettingsAdapterRegistryImpl/FabricFluidAPISupportPlugin/"
[20:23:38] [Worker-Main-5/DEBUG] [REI] [START] Reloading Section: "reloadable-plugin/EntrySettingsAdapterRegistryImpl/FabricFluidAPISupportPlugin/" done in 7.800 μs
[20:23:38] [Worker-Main-5/DEBUG] [REI] [START] Reloading Section: "reloadable-plugin/EntrySettingsAdapterRegistryImpl/DefaultRuntimePlugin [roughlyenoughitems]/"
[20:23:38] [Worker-Main-5/DEBUG] [REI] [START] Reloading Section: "reloadable-plugin/EntrySettingsAdapterRegistryImpl/DefaultRuntimePlugin [roughlyenoughitems]/" done in 7.300 μs
[20:23:38] [Worker-Main-5/DEBUG] [REI] [START] Reloading Section: "reloadable-plugin/EntrySettingsAdapterRegistryImpl/" done in 564.5 μs
[20:23:38] [Worker-Main-5/DEBUG] [REI] [START] Reloading Section: "reloadable-plugin/RecipeManagerContextImpl/"
[20:23:38] [Worker-Main-5/DEBUG] [REI] [START] Reloading Section: "reloadable-plugin/RecipeManagerContextImpl/DefaultPlugin [roughlyenoughitems]/"
[20:23:38] [Worker-Main-5/DEBUG] [REI] [START] Reloading Section: "reloadable-plugin/RecipeManagerContextImpl/DefaultPlugin [roughlyenoughitems]/" done in 8.900 μs
[20:23:38] [Worker-Main-5/DEBUG] [REI] [START] Reloading Section: "reloadable-plugin/RecipeManagerContextImpl/FabricFluidAPISupportPlugin/"
[20:23:38] [Worker-Main-5/DEBUG] [REI] [START] Reloading Section: "reloadable-plugin/RecipeManagerContextImpl/FabricFluidAPISupportPlugin/" done in 13.70 μs
[20:23:38] [Worker-Main-5/DEBUG] [REI] [START] Reloading Section: "reloadable-plugin/RecipeManagerContextImpl/DefaultRuntimePlugin [roughlyenoughitems]/"
[20:23:38] [Worker-Main-5/DEBUG] [REI] [START] Reloading Section: "reloadable-plugin/RecipeManagerContextImpl/DefaultRuntimePlugin [roughlyenoughitems]/" done in 7.200 μs
[20:23:38] [Worker-Main-5/DEBUG] [REI] [START] Reloading Section: "reloadable-plugin/RecipeManagerContextImpl/" done in 443.3 μs
[20:23:38] [Worker-Main-5/DEBUG] [REI] [START] Reloading Section: "reloadable-plugin/ItemComparatorRegistryImpl/"
[20:23:38] [Worker-Main-5/DEBUG] [REI] [START] Reloading Section: "reloadable-plugin/ItemComparatorRegistryImpl/DefaultPlugin [roughlyenoughitems]/"
[20:23:38] [Worker-Main-5/DEBUG] [REI] [START] Reloading Section: "reloadable-plugin/ItemComparatorRegistryImpl/DefaultPlugin [roughlyenoughitems]/" done in 497.6 μs
[20:23:38] [Worker-Main-5/DEBUG] [REI] [START] Reloading Section: "reloadable-plugin/ItemComparatorRegistryImpl/FabricFluidAPISupportPlugin/"
[20:23:38] [Worker-Main-5/DEBUG] [REI] [START] Reloading Section: "reloadable-plugin/ItemComparatorRegistryImpl/FabricFluidAPISupportPlugin/" done in 8.700 μs
[20:23:38] [Worker-Main-5/DEBUG] [REI] [START] Reloading Section: "reloadable-plugin/ItemComparatorRegistryImpl/DefaultRuntimePlugin [roughlyenoughitems]/"
[20:23:38] [Worker-Main-5/DEBUG] [REI] [START] Reloading Section: "reloadable-plugin/ItemComparatorRegistryImpl/DefaultRuntimePlugin [roughlyenoughitems]/" done in 7.700 μs
[20:23:38] [Worker-Main-5/DEBUG] [REI] [START] Reloading Section: "reloadable-plugin/ItemComparatorRegistryImpl/" done in 949.1 μs
[20:23:38] [Worker-Main-5/DEBUG] [REI] [START] Reloading Section: "reloadable-plugin/FluidComparatorRegistryImpl/"
[20:23:38] [Worker-Main-5/DEBUG] [REI] [START] Reloading Section: "reloadable-plugin/FluidComparatorRegistryImpl/DefaultPlugin [roughlyenoughitems]/"
[20:23:38] [Worker-Main-5/DEBUG] [REI] [START] Reloading Section: "reloadable-plugin/FluidComparatorRegistryImpl/DefaultPlugin [roughlyenoughitems]/" done in 12.30 μs
[20:23:38] [Worker-Main-5/DEBUG] [REI] [START] Reloading Section: "reloadable-plugin/FluidComparatorRegistryImpl/FabricFluidAPISupportPlugin/"
[20:23:38] [Worker-Main-5/DEBUG] [REI] [START] Reloading Section: "reloadable-plugin/FluidComparatorRegistryImpl/FabricFluidAPISupportPlugin/" done in 8.000 μs
[20:23:38] [Worker-Main-5/DEBUG] [REI] [START] Reloading Section: "reloadable-plugin/FluidComparatorRegistryImpl/DefaultRuntimePlugin [roughlyenoughitems]/"
[20:23:38] [Worker-Main-5/DEBUG] [REI] [START] Reloading Section: "reloadable-plugin/FluidComparatorRegistryImpl/DefaultRuntimePlugin [roughlyenoughitems]/" done in 28.00 μs
[20:23:38] [Worker-Main-5/DEBUG] [REI] [START] Reloading Section: "reloadable-plugin/FluidComparatorRegistryImpl/" done in 1.051 ms
[20:23:38] [Worker-Main-5/DEBUG] [REI] [START] Reloading Section: "reloadable-plugin/DisplaySerializerRegistryImpl/"
[20:23:38] [Worker-Main-5/DEBUG] [REI] [START] Reloading Section: "reloadable-plugin/DisplaySerializerRegistryImpl/DefaultPlugin [roughlyenoughitems]/"
[20:23:38] [Worker-Main-5/DEBUG] [REI] [START] Reloading Section: "reloadable-plugin/DisplaySerializerRegistryImpl/DefaultPlugin [roughlyenoughitems]/" done in 8.100 μs
[20:23:38] [Worker-Main-5/DEBUG] [REI] [START] Reloading Section: "reloadable-plugin/DisplaySerializerRegistryImpl/FabricFluidAPISupportPlugin/"
[20:23:38] [Worker-Main-5/DEBUG] [REI] [START] Reloading Section: "reloadable-plugin/DisplaySerializerRegistryImpl/FabricFluidAPISupportPlugin/" done in 7.600 μs
[20:23:38] [Worker-Main-5/DEBUG] [REI] [START] Reloading Section: "reloadable-plugin/DisplaySerializerRegistryImpl/DefaultRuntimePlugin [roughlyenoughitems]/"
[20:23:38] [Worker-Main-5/DEBUG] [REI] [START] Reloading Section: "reloadable-plugin/DisplaySerializerRegistryImpl/DefaultRuntimePlugin [roughlyenoughitems]/" done in 49.50 μs
[20:23:38] [Worker-Main-5/DEBUG] [REI] [START] Reloading Section: "reloadable-plugin/DisplaySerializerRegistryImpl/" done in 570.3 μs
[20:23:38] [Worker-Main-5/DEBUG] [REI] [START] Reloading Section: "reloadable-plugin/FluidSupportProviderImpl/"
[20:23:38] [Worker-Main-5/DEBUG] [REI] [START] Reloading Section: "reloadable-plugin/FluidSupportProviderImpl/DefaultPlugin [roughlyenoughitems]/"
[20:23:38] [Worker-Main-5/DEBUG] [REI] [START] Reloading Section: "reloadable-plugin/FluidSupportProviderImpl/DefaultPlugin [roughlyenoughitems]/" done in 1.137 ms
[20:23:38] [Worker-Main-5/DEBUG] [REI] [START] Reloading Section: "reloadable-plugin/FluidSupportProviderImpl/FabricFluidAPISupportPlugin/"
[20:23:38] [Worker-Main-5/DEBUG] [REI] [START] Reloading Section: "reloadable-plugin/FluidSupportProviderImpl/FabricFluidAPISupportPlugin/" done in 257.3 μs
[20:23:38] [Worker-Main-5/DEBUG] [REI] [START] Reloading Section: "reloadable-plugin/FluidSupportProviderImpl/DefaultRuntimePlugin [roughlyenoughitems]/"
[20:23:38] [Worker-Main-5/DEBUG] [REI] [START] Reloading Section: "reloadable-plugin/FluidSupportProviderImpl/DefaultRuntimePlugin [roughlyenoughitems]/" done in 9.700 μs
[20:23:38] [Worker-Main-5/DEBUG] [REI] [START] Reloading Section: "reloadable-plugin/FluidSupportProviderImpl/" done in 2.059 ms
[20:23:38] [Worker-Main-5/DEBUG] [REI] [START] Reloading Section: "end-reload/"
[20:23:38] [Worker-Main-5/DEBUG] [REI] [START] Reloading Section: "end-reload/EntryTypeRegistryImpl/"
[20:23:38] [Worker-Main-5/DEBUG] [REI] [START] Reloading Section: "end-reload/EntryTypeRegistryImpl/" done in 11.50 μs
[20:23:38] [Worker-Main-5/DEBUG] [REI] [START] Reloading Section: "end-reload/EntrySettingsAdapterRegistryImpl/"
[20:23:38] [Worker-Main-5/DEBUG] [REI] [START] Reloading Section: "end-reload/EntrySettingsAdapterRegistryImpl/" done in 4.900 μs
[20:23:38] [Worker-Main-5/DEBUG] [REI] [START] Reloading Section: "end-reload/RecipeManagerContextImpl/"
[20:23:38] [Worker-Main-5/DEBUG] [REI] [START] Reloading Section: "end-reload/RecipeManagerContextImpl/" done in 4.700 μs
[20:23:38] [Worker-Main-5/DEBUG] [REI] [START] Reloading Section: "end-reload/ItemComparatorRegistryImpl/"
[20:23:38] [Worker-Main-5/DEBUG] [REI] [START] Reloading Section: "end-reload/ItemComparatorRegistryImpl/" done in 5.600 μs
[20:23:38] [Worker-Main-5/DEBUG] [REI] [START] Reloading Section: "end-reload/FluidComparatorRegistryImpl/"
[20:23:38] [Worker-Main-5/DEBUG] [REI] [START] Reloading Section: "end-reload/FluidComparatorRegistryImpl/" done in 13.70 μs
[20:23:38] [Worker-Main-5/DEBUG] [REI] [START] Reloading Section: "end-reload/DisplaySerializerRegistryImpl/"
[20:23:38] [Worker-Main-5/DEBUG] [REI] [START] Reloading Section: "end-reload/DisplaySerializerRegistryImpl/" done in 6.600 μs
[20:23:38] [Worker-Main-5/DEBUG] [REI] [START] Reloading Section: "end-reload/FluidSupportProviderImpl/"
[20:23:38] [Worker-Main-5/DEBUG] [REI] [START] Reloading Section: "end-reload/FluidSupportProviderImpl/" done in 6.600 μs
[20:23:38] [Worker-Main-5/DEBUG] [REI] [START] Reloading Section: "end-reload/" done in 1.347 ms
[20:23:38] [Worker-Main-5/DEBUG] [REI] [START] Reloading Section: "start-reload/"
[20:23:38] [Worker-Main-5/DEBUG] [REI] [START] Reloading Section: "start-reload/MenuInfoRegistryImpl/"
[20:23:38] [Worker-Main-5/DEBUG] [REI] [START] Reloading Section: "start-reload/MenuInfoRegistryImpl/" done in 42.30 μs
[20:23:38] [Worker-Main-5/DEBUG] [REI] [START] Reloading Section: "start-reload/" done in 210.7 μs
[20:23:38] [Worker-Main-5/INFO] [REI] Reloading Plugin Manager [REIServerPlugin] stage [START], registered 3 plugins: DefaultRuntimePlugin [roughlyenoughitems], FabricFluidAPISupportPlugin, DefaultPlugin [roughlyenoughitems]
[20:23:38] [Worker-Main-5/DEBUG] [REI] [START] Reloading Section: "reloadable-plugin/MenuInfoRegistryImpl/"
[20:23:38] [Worker-Main-5/DEBUG] [REI] [START] Reloading Section: "reloadable-plugin/MenuInfoRegistryImpl/DefaultPlugin [roughlyenoughitems]/"
[20:23:38] [Worker-Main-5/DEBUG] [REI] [START] Reloading Section: "reloadable-plugin/MenuInfoRegistryImpl/DefaultPlugin [roughlyenoughitems]/" done in 14.00 μs
[20:23:38] [Worker-Main-5/DEBUG] [REI] [START] Reloading Section: "reloadable-plugin/MenuInfoRegistryImpl/FabricFluidAPISupportPlugin/"
[20:23:38] [Worker-Main-5/DEBUG] [REI] [START] Reloading Section: "reloadable-plugin/MenuInfoRegistryImpl/FabricFluidAPISupportPlugin/" done in 8.500 μs
[20:23:38] [Worker-Main-5/DEBUG] [REI] [START] Reloading Section: "reloadable-plugin/MenuInfoRegistryImpl/DefaultRuntimePlugin [roughlyenoughitems]/"
[20:23:38] [Worker-Main-5/DEBUG] [REI] [START] Reloading Section: "reloadable-plugin/MenuInfoRegistryImpl/DefaultRuntimePlugin [roughlyenoughitems]/" done in 9.700 μs
[20:23:38] [Worker-Main-5/DEBUG] [REI] [START] Reloading Section: "reloadable-plugin/MenuInfoRegistryImpl/" done in 473.1 μs
[20:23:38] [Worker-Main-5/DEBUG] [REI] [START] Reloading Section: "end-reload/"
[20:23:38] [Worker-Main-5/DEBUG] [REI] [START] Reloading Section: "end-reload/MenuInfoRegistryImpl/"
[20:23:38] [Worker-Main-5/DEBUG] [REI] [START] Reloading Section: "end-reload/MenuInfoRegistryImpl/" done in 6.300 μs
[20:23:38] [Worker-Main-5/DEBUG] [REI] [START] Reloading Section: "end-reload/" done in 126.0 μs
[20:23:38] [Worker-Main-5/DEBUG] [REI] [START] Reloading Section: "post-register/"
[20:23:38] [Worker-Main-5/DEBUG] [REI] [START] Reloading Section: "post-register/DefaultPlugin [roughlyenoughitems]/"
[20:23:38] [Worker-Main-5/DEBUG] [REI] [START] Reloading Section: "post-register/DefaultPlugin [roughlyenoughitems]/" done in 815.3 μs
[20:23:38] [Worker-Main-5/DEBUG] [REI] [START] Reloading Section: "post-register/FabricFluidAPISupportPlugin/"
[20:23:38] [Worker-Main-5/DEBUG] [REI] [START] Reloading Section: "post-register/FabricFluidAPISupportPlugin/" done in 7.700 μs
[20:23:38] [Worker-Main-5/DEBUG] [REI] [START] Reloading Section: "post-register/DefaultRuntimePlugin [roughlyenoughitems]/"
[20:23:38] [Worker-Main-5/DEBUG] [REI] [START] Reloading Section: "post-register/DefaultRuntimePlugin [roughlyenoughitems]/" done in 5.100 μs
[20:23:38] [Worker-Main-5/DEBUG] [REI] [START] Reloading Section: "post-register/" done in 1.824 ms
[20:23:38] [Worker-Main-5/INFO] [REI] Reloaded Plugin Manager [REIPlugin] with 2 entry types, 5 item comparators, 0 fluid comparators and 2 fluid support providers in 67ms.
[20:23:38] [Worker-Main-5/DEBUG] [REI] [START] Reloading Section: "post-register/"
[20:23:38] [Worker-Main-5/DEBUG] [REI] [START] Reloading Section: "post-register/DefaultPlugin [roughlyenoughitems]/"
[20:23:38] [Worker-Main-5/DEBUG] [REI] [START] Reloading Section: "post-register/DefaultPlugin [roughlyenoughitems]/" done in 18.60 μs
[20:23:38] [Worker-Main-5/DEBUG] [REI] [START] Reloading Section: "post-register/FabricFluidAPISupportPlugin/"
[20:23:38] [Worker-Main-5/DEBUG] [REI] [START] Reloading Section: "post-register/FabricFluidAPISupportPlugin/" done in 7.400 μs
[20:23:38] [Worker-Main-5/DEBUG] [REI] [START] Reloading Section: "post-register/DefaultRuntimePlugin [roughlyenoughitems]/"
[20:23:38] [Worker-Main-5/DEBUG] [REI] [START] Reloading Section: "post-register/DefaultRuntimePlugin [roughlyenoughitems]/" done in 5.300 μs
[20:23:38] [Worker-Main-5/DEBUG] [REI] [START] Reloading Section: "post-register/" done in 425.4 μs
[20:23:38] [Worker-Main-5/INFO] [REI] Reloaded Plugin Manager [REIServerPlugin] with 0 menu infos in 3ms.
[20:23:38] [Worker-Main-5/DEBUG] [REI] [END] Reloading Section: "pre-register/"
[20:23:38] [Worker-Main-5/DEBUG] [REI] [END] Reloading Section: "pre-register/DefaultPlugin [roughlyenoughitems]/"
[20:23:38] [Worker-Main-5/DEBUG] [REI] [END] Reloading Section: "pre-register/DefaultPlugin [roughlyenoughitems]/" done in 11.10 μs
[20:23:38] [Worker-Main-5/DEBUG] [REI] [END] Reloading Section: "pre-register/FabricFluidAPISupportPlugin/"
[20:23:38] [Worker-Main-5/DEBUG] [REI] [END] Reloading Section: "pre-register/FabricFluidAPISupportPlugin/" done in 7.500 μs
[20:23:38] [Worker-Main-5/DEBUG] [REI] [END] Reloading Section: "pre-register/DefaultRuntimePlugin [roughlyenoughitems]/"
[20:23:38] [Worker-Main-5/DEBUG] [REI] [END] Reloading Section: "pre-register/DefaultRuntimePlugin [roughlyenoughitems]/" done in 8.000 μs
[20:23:38] [Worker-Main-5/DEBUG] [REI] [END] Reloading Section: "pre-register/" done in 447.8 μs
[20:23:38] [Worker-Main-5/DEBUG] [REI] [END] Reloading Section: "pre-register/"
[20:23:38] [Worker-Main-5/DEBUG] [REI] [END] Reloading Section: "pre-register/DefaultPlugin [roughlyenoughitems]/"
[20:23:38] [Worker-Main-5/DEBUG] [REI] [END] Reloading Section: "pre-register/DefaultPlugin [roughlyenoughitems]/" done in 6.300 μs
[20:23:38] [Worker-Main-5/DEBUG] [REI] [END] Reloading Section: "pre-register/FabricFluidAPISupportPlugin/"
[20:23:38] [Worker-Main-5/DEBUG] [REI] [END] Reloading Section: "pre-register/FabricFluidAPISupportPlugin/" done in 7.100 μs
[20:23:38] [Worker-Main-5/DEBUG] [REI] [END] Reloading Section: "pre-register/DefaultRuntimePlugin [roughlyenoughitems]/"
[20:23:38] [Worker-Main-5/DEBUG] [REI] [END] Reloading Section: "pre-register/DefaultRuntimePlugin [roughlyenoughitems]/" done in 6.800 μs
[20:23:38] [Worker-Main-5/DEBUG] [REI] [END] Reloading Section: "pre-register/" done in 365.8 μs
[20:23:38] [Worker-Main-5/DEBUG] [REI] [END] Reloading Section: "start-reload/"
[20:23:38] [Worker-Main-5/DEBUG] [REI] [END] Reloading Section: "start-reload/EntryTypeRegistryImpl/"
[20:23:38] [Worker-Main-5/DEBUG] [REI] [END] Reloading Section: "start-reload/EntryTypeRegistryImpl/" done in 5.100 μs
[20:23:38] [Worker-Main-5/DEBUG] [REI] [END] Reloading Section: "start-reload/EntrySettingsAdapterRegistryImpl/"
[20:23:38] [Worker-Main-5/DEBUG] [REI] [END] Reloading Section: "start-reload/EntrySettingsAdapterRegistryImpl/" done in 18.60 μs
[20:23:38] [Worker-Main-5/DEBUG] [REI] [END] Reloading Section: "start-reload/RecipeManagerContextImpl/"
[20:23:38] [Worker-Main-5/DEBUG] [REI] [END] Reloading Section: "start-reload/RecipeManagerContextImpl/" done in 7.200 μs
[20:23:38] [Worker-Main-5/DEBUG] [REI] [END] Reloading Section: "start-reload/ItemComparatorRegistryImpl/"
[20:23:38] [Worker-Main-5/DEBUG] [REI] [END] Reloading Section: "start-reload/ItemComparatorRegistryImpl/" done in 6.000 μs
[20:23:38] [Worker-Main-5/DEBUG] [REI] [END] Reloading Section: "start-reload/FluidComparatorRegistryImpl/"
[20:23:38] [Worker-Main-5/DEBUG] [REI] [END] Reloading Section: "start-reload/FluidComparatorRegistryImpl/" done in 5.400 μs
[20:23:38] [Worker-Main-5/DEBUG] [REI] [END] Reloading Section: "start-reload/DisplaySerializerRegistryImpl/"
[20:23:38] [Worker-Main-5/DEBUG] [REI] [END] Reloading Section: "start-reload/DisplaySerializerRegistryImpl/" done in 39.70 μs
[20:23:38] [Worker-Main-5/DEBUG] [REI] [END] Reloading Section: "start-reload/FluidSupportProviderImpl/"
[20:23:38] [Worker-Main-5/DEBUG] [REI] [END] Reloading Section: "start-reload/FluidSupportProviderImpl/" done in 5.300 μs
[20:23:38] [Worker-Main-5/DEBUG] [REI] [END] Reloading Section: "start-reload/" done in 744.0 μs
[20:23:38] [Worker-Main-5/INFO] [REI] Reloading Plugin Manager [REIPlugin] stage [END], registered 3 plugins: DefaultRuntimePlugin [roughlyenoughitems], FabricFluidAPISupportPlugin, DefaultPlugin [roughlyenoughitems]
[20:23:38] [Worker-Main-5/DEBUG] [REI] [END] Reloading Section: "reloadable-plugin/EntryTypeRegistryImpl/"
[20:23:38] [Worker-Main-5/DEBUG] [REI] [END] Reloading Section: "reloadable-plugin/EntryTypeRegistryImpl/DefaultPlugin [roughlyenoughitems]/"
[20:23:38] [Worker-Main-5/DEBUG] [REI] [END] Reloading Section: "reloadable-plugin/EntryTypeRegistryImpl/DefaultPlugin [roughlyenoughitems]/" done in 11.30 μs
[20:23:38] [Worker-Main-5/DEBUG] [REI] [END] Reloading Section: "reloadable-plugin/EntryTypeRegistryImpl/FabricFluidAPISupportPlugin/"
[20:23:38] [Worker-Main-5/DEBUG] [REI] [END] Reloading Section: "reloadable-plugin/EntryTypeRegistryImpl/FabricFluidAPISupportPlugin/" done in 8.900 μs
[20:23:38] [Worker-Main-5/DEBUG] [REI] [END] Reloading Section: "reloadable-plugin/EntryTypeRegistryImpl/DefaultRuntimePlugin [roughlyenoughitems]/"
[20:23:38] [Worker-Main-5/DEBUG] [REI] [END] Reloading Section: "reloadable-plugin/EntryTypeRegistryImpl/DefaultRuntimePlugin [roughlyenoughitems]/" done in 9.300 μs
[20:23:38] [Worker-Main-5/DEBUG] [REI] [END] Reloading Section: "reloadable-plugin/EntryTypeRegistryImpl/" done in 362.4 μs
[20:23:38] [Worker-Main-5/DEBUG] [REI] [END] Reloading Section: "reloadable-plugin/EntrySettingsAdapterRegistryImpl/"
[20:23:38] [Worker-Main-5/DEBUG] [REI] [END] Reloading Section: "reloadable-plugin/EntrySettingsAdapterRegistryImpl/DefaultPlugin [roughlyenoughitems]/"
[20:23:38] [Worker-Main-5/DEBUG] [REI] [END] Reloading Section: "reloadable-plugin/EntrySettingsAdapterRegistryImpl/DefaultPlugin [roughlyenoughitems]/" done in 14.60 μs
[20:23:38] [Worker-Main-5/DEBUG] [REI] [END] Reloading Section: "reloadable-plugin/EntrySettingsAdapterRegistryImpl/FabricFluidAPISupportPlugin/"
[20:23:38] [Worker-Main-5/DEBUG] [REI] [END] Reloading Section: "reloadable-plugin/EntrySettingsAdapterRegistryImpl/FabricFluidAPISupportPlugin/" done in 7.200 μs
[20:23:38] [Worker-Main-5/DEBUG] [REI] [END] Reloading Section: "reloadable-plugin/EntrySettingsAdapterRegistryImpl/DefaultRuntimePlugin [roughlyenoughitems]/"
[20:23:38] [Worker-Main-5/DEBUG] [REI] [END] Reloading Section: "reloadable-plugin/EntrySettingsAdapterRegistryImpl/DefaultRuntimePlugin [roughlyenoughitems]/" done in 7.200 μs
[20:23:38] [Worker-Main-5/DEBUG] [REI] [END] Reloading Section: "reloadable-plugin/EntrySettingsAdapterRegistryImpl/" done in 307.4 μs
[20:23:38] [Worker-Main-5/DEBUG] [REI] [END] Reloading Section: "reloadable-plugin/RecipeManagerContextImpl/"
[20:23:38] [Worker-Main-5/DEBUG] [REI] [END] Reloading Section: "reloadable-plugin/RecipeManagerContextImpl/DefaultPlugin [roughlyenoughitems]/"
[20:23:38] [Worker-Main-5/DEBUG] [REI] [END] Reloading Section: "reloadable-plugin/RecipeManagerContextImpl/DefaultPlugin [roughlyenoughitems]/" done in 7.300 μs
[20:23:38] [Worker-Main-5/DEBUG] [REI] [END] Reloading Section: "reloadable-plugin/RecipeManagerContextImpl/FabricFluidAPISupportPlugin/"
[20:23:38] [Worker-Main-5/DEBUG] [REI] [END] Reloading Section: "reloadable-plugin/RecipeManagerContextImpl/FabricFluidAPISupportPlugin/" done in 25.50 μs
[20:23:38] [Worker-Main-5/DEBUG] [REI] [END] Reloading Section: "reloadable-plugin/RecipeManagerContextImpl/DefaultRuntimePlugin [roughlyenoughitems]/"
[20:23:38] [Worker-Main-5/DEBUG] [REI] [END] Reloading Section: "reloadable-plugin/RecipeManagerContextImpl/DefaultRuntimePlugin [roughlyenoughitems]/" done in 7.800 μs
[20:23:38] [Worker-Main-5/DEBUG] [REI] [END] Reloading Section: "reloadable-plugin/RecipeManagerContextImpl/" done in 527.1 μs
[20:23:38] [Worker-Main-5/DEBUG] [REI] [END] Reloading Section: "reloadable-plugin/ItemComparatorRegistryImpl/"
[20:23:38] [Worker-Main-5/DEBUG] [REI] [END] Reloading Section: "reloadable-plugin/ItemComparatorRegistryImpl/DefaultPlugin [roughlyenoughitems]/"
[20:23:38] [Worker-Main-5/DEBUG] [REI] [END] Reloading Section: "reloadable-plugin/ItemComparatorRegistryImpl/DefaultPlugin [roughlyenoughitems]/" done in 7.100 μs
[20:23:38] [Worker-Main-5/DEBUG] [REI] [END] Reloading Section: "reloadable-plugin/ItemComparatorRegistryImpl/FabricFluidAPISupportPlugin/"
[20:23:38] [Worker-Main-5/DEBUG] [REI] [END] Reloading Section: "reloadable-plugin/ItemComparatorRegistryImpl/FabricFluidAPISupportPlugin/" done in 7.300 μs
[20:23:38] [Worker-Main-5/DEBUG] [REI] [END] Reloading Section: "reloadable-plugin/ItemComparatorRegistryImpl/DefaultRuntimePlugin [roughlyenoughitems]/"
[20:23:38] [Worker-Main-5/DEBUG] [REI] [END] Reloading Section: "reloadable-plugin/ItemComparatorRegistryImpl/DefaultRuntimePlugin [roughlyenoughitems]/" done in 8.900 μs
[20:23:38] [Worker-Main-5/DEBUG] [REI] [END] Reloading Section: "reloadable-plugin/ItemComparatorRegistryImpl/" done in 600.8 μs
[20:23:38] [Worker-Main-5/DEBUG] [REI] [END] Reloading Section: "reloadable-plugin/FluidComparatorRegistryImpl/"
[20:23:38] [Worker-Main-5/DEBUG] [REI] [END] Reloading Section: "reloadable-plugin/FluidComparatorRegistryImpl/DefaultPlugin [roughlyenoughitems]/"
[20:23:38] [Worker-Main-5/DEBUG] [REI] [END] Reloading Section: "reloadable-plugin/FluidComparatorRegistryImpl/DefaultPlugin [roughlyenoughitems]/" done in 13.80 μs
[20:23:38] [Worker-Main-5/DEBUG] [REI] [END] Reloading Section: "reloadable-plugin/FluidComparatorRegistryImpl/FabricFluidAPISupportPlugin/"
[20:23:38] [Worker-Main-5/DEBUG] [REI] [END] Reloading Section: "reloadable-plugin/FluidComparatorRegistryImpl/FabricFluidAPISupportPlugin/" done in 10.10 μs
[20:23:38] [Worker-Main-5/DEBUG] [REI] [END] Reloading Section: "reloadable-plugin/FluidComparatorRegistryImpl/DefaultRuntimePlugin [roughlyenoughitems]/"
[20:23:38] [Worker-Main-5/DEBUG] [REI] [END] Reloading Section: "reloadable-plugin/FluidComparatorRegistryImpl/DefaultRuntimePlugin [roughlyenoughitems]/" done in 8.000 μs
[20:23:38] [Worker-Main-5/DEBUG] [REI] [END] Reloading Section: "reloadable-plugin/FluidComparatorRegistryImpl/" done in 379.0 μs
[20:23:38] [Worker-Main-5/DEBUG] [REI] [END] Reloading Section: "reloadable-plugin/DisplaySerializerRegistryImpl/"
[20:23:38] [Worker-Main-5/DEBUG] [REI] [END] Reloading Section: "reloadable-plugin/DisplaySerializerRegistryImpl/DefaultPlugin [roughlyenoughitems]/"
[20:23:38] [Worker-Main-5/DEBUG] [REI] [END] Reloading Section: "reloadable-plugin/DisplaySerializerRegistryImpl/DefaultPlugin [roughlyenoughitems]/" done in 45.47 ms
[20:23:38] [Worker-Main-5/DEBUG] [REI] [END] Reloading Section: "reloadable-plugin/DisplaySerializerRegistryImpl/FabricFluidAPISupportPlugin/"
[20:23:38] [Worker-Main-5/DEBUG] [REI] [END] Reloading Section: "reloadable-plugin/DisplaySerializerRegistryImpl/FabricFluidAPISupportPlugin/" done in 14.00 μs
[20:23:38] [Worker-Main-5/DEBUG] [REI] [END] Reloading Section: "reloadable-plugin/DisplaySerializerRegistryImpl/DefaultRuntimePlugin [roughlyenoughitems]/"
[20:23:38] [Worker-Main-5/DEBUG] [REI] [END] Reloading Section: "reloadable-plugin/DisplaySerializerRegistryImpl/DefaultRuntimePlugin [roughlyenoughitems]/" done in 24.10 μs
[20:23:38] [Worker-Main-5/DEBUG] [REI] [END] Reloading Section: "reloadable-plugin/DisplaySerializerRegistryImpl/" done in 45.89 ms
[20:23:38] [Worker-Main-5/DEBUG] [REI] [END] Reloading Section: "reloadable-plugin/FluidSupportProviderImpl/"
[20:23:38] [Worker-Main-5/DEBUG] [REI] [END] Reloading Section: "reloadable-plugin/FluidSupportProviderImpl/DefaultPlugin [roughlyenoughitems]/"
[20:23:38] [Worker-Main-5/DEBUG] [REI] [END] Reloading Section: "reloadable-plugin/FluidSupportProviderImpl/DefaultPlugin [roughlyenoughitems]/" done in 7.000 μs
[20:23:38] [Worker-Main-5/DEBUG] [REI] [END] Reloading Section: "reloadable-plugin/FluidSupportProviderImpl/FabricFluidAPISupportPlugin/"
[20:23:38] [Worker-Main-5/DEBUG] [REI] [END] Reloading Section: "reloadable-plugin/FluidSupportProviderImpl/FabricFluidAPISupportPlugin/" done in 20.40 μs
[20:23:38] [Worker-Main-5/DEBUG] [REI] [END] Reloading Section: "reloadable-plugin/FluidSupportProviderImpl/DefaultRuntimePlugin [roughlyenoughitems]/"
[20:23:38] [Worker-Main-5/DEBUG] [REI] [END] Reloading Section: "reloadable-plugin/FluidSupportProviderImpl/DefaultRuntimePlugin [roughlyenoughitems]/" done in 26.80 μs
[20:23:38] [Worker-Main-5/DEBUG] [REI] [END] Reloading Section: "reloadable-plugin/FluidSupportProviderImpl/" done in 420.8 μs
[20:23:38] [Worker-Main-5/DEBUG] [REI] [END] Reloading Section: "end-reload/"
[20:23:38] [Worker-Main-5/DEBUG] [REI] [END] Reloading Section: "end-reload/EntryTypeRegistryImpl/"
[20:23:38] [Worker-Main-5/DEBUG] [REI] [END] Reloading Section: "end-reload/EntryTypeRegistryImpl/" done in 14.20 μs
[20:23:38] [Worker-Main-5/DEBUG] [REI] [END] Reloading Section: "end-reload/EntrySettingsAdapterRegistryImpl/"
[20:23:38] [Worker-Main-5/DEBUG] [REI] [END] Reloading Section: "end-reload/EntrySettingsAdapterRegistryImpl/" done in 5.000 μs
[20:23:38] [Worker-Main-5/DEBUG] [REI] [END] Reloading Section: "end-reload/RecipeManagerContextImpl/"
[20:23:38] [Worker-Main-5/DEBUG] [REI] [END] Reloading Section: "end-reload/RecipeManagerContextImpl/" done in 5.200 μs
[20:23:38] [Worker-Main-5/DEBUG] [REI] [END] Reloading Section: "end-reload/ItemComparatorRegistryImpl/"
[20:23:38] [Worker-Main-5/DEBUG] [REI] [END] Reloading Section: "end-reload/ItemComparatorRegistryImpl/" done in 6.100 μs
[20:23:38] [Worker-Main-5/DEBUG] [REI] [END] Reloading Section: "end-reload/FluidComparatorRegistryImpl/"
[20:23:38] [Worker-Main-5/DEBUG] [REI] [END] Reloading Section: "end-reload/FluidComparatorRegistryImpl/" done in 7.500 μs
[20:23:38] [Worker-Main-5/DEBUG] [REI] [END] Reloading Section: "end-reload/DisplaySerializerRegistryImpl/"
[20:23:38] [Worker-Main-5/DEBUG] [REI] [END] Reloading Section: "end-reload/DisplaySerializerRegistryImpl/" done in 4.800 μs
[20:23:38] [Worker-Main-5/DEBUG] [REI] [END] Reloading Section: "end-reload/FluidSupportProviderImpl/"
[20:23:38] [Worker-Main-5/DEBUG] [REI] [END] Reloading Section: "end-reload/FluidSupportProviderImpl/" done in 3.900 μs
[20:23:38] [Worker-Main-5/DEBUG] [REI] [END] Reloading Section: "end-reload/" done in 801.6 μs
[20:23:38] [Worker-Main-5/DEBUG] [REI] [END] Reloading Section: "start-reload/"
[20:23:38] [Worker-Main-5/DEBUG] [REI] [END] Reloading Section: "start-reload/MenuInfoRegistryImpl/"
[20:23:38] [Worker-Main-5/DEBUG] [REI] [END] Reloading Section: "start-reload/MenuInfoRegistryImpl/" done in 10.30 μs
[20:23:38] [Worker-Main-5/DEBUG] [REI] [END] Reloading Section: "start-reload/" done in 69.70 μs
[20:23:38] [Worker-Main-5/INFO] [REI] Reloading Plugin Manager [REIServerPlugin] stage [END], registered 3 plugins: DefaultRuntimePlugin [roughlyenoughitems], FabricFluidAPISupportPlugin, DefaultPlugin [roughlyenoughitems]
[20:23:38] [Worker-Main-5/DEBUG] [REI] [END] Reloading Section: "reloadable-plugin/MenuInfoRegistryImpl/"
[20:23:38] [Worker-Main-5/DEBUG] [REI] [END] Reloading Section: "reloadable-plugin/MenuInfoRegistryImpl/DefaultPlugin [roughlyenoughitems]/"
[20:23:38] [Worker-Main-5/DEBUG] [REI] [END] Reloading Section: "reloadable-plugin/MenuInfoRegistryImpl/DefaultPlugin [roughlyenoughitems]/" done in 8.736 ms
[20:23:38] [Worker-Main-5/DEBUG] [REI] [END] Reloading Section: "reloadable-plugin/MenuInfoRegistryImpl/FabricFluidAPISupportPlugin/"
[20:23:38] [Worker-Main-5/DEBUG] [REI] [END] Reloading Section: "reloadable-plugin/MenuInfoRegistryImpl/FabricFluidAPISupportPlugin/" done in 20.80 μs
[20:23:38] [Worker-Main-5/DEBUG] [REI] [END] Reloading Section: "reloadable-plugin/MenuInfoRegistryImpl/DefaultRuntimePlugin [roughlyenoughitems]/"
[20:23:38] [Worker-Main-5/DEBUG] [REI] [END] Reloading Section: "reloadable-plugin/MenuInfoRegistryImpl/DefaultRuntimePlugin [roughlyenoughitems]/" done in 10.40 μs
[20:23:38] [Worker-Main-5/DEBUG] [REI] [END] Reloading Section: "reloadable-plugin/MenuInfoRegistryImpl/" done in 9.240 ms
[20:23:38] [Worker-Main-5/DEBUG] [REI] [END] Reloading Section: "end-reload/"
[20:23:38] [Worker-Main-5/DEBUG] [REI] [END] Reloading Section: "end-reload/MenuInfoRegistryImpl/"
[20:23:38] [Worker-Main-5/DEBUG] [REI] [END] Reloading Section: "end-reload/MenuInfoRegistryImpl/" done in 5.200 μs
[20:23:38] [Worker-Main-5/DEBUG] [REI] [END] Reloading Section: "end-reload/" done in 105.9 μs
[20:23:38] [Worker-Main-5/DEBUG] [REI] [END] Reloading Section: "post-register/"
[20:23:38] [Worker-Main-5/DEBUG] [REI] [END] Reloading Section: "post-register/DefaultPlugin [roughlyenoughitems]/"
[20:23:38] [Worker-Main-5/DEBUG] [REI] [END] Reloading Section: "post-register/DefaultPlugin [roughlyenoughitems]/" done in 8.100 μs
[20:23:38] [Worker-Main-5/DEBUG] [REI] [END] Reloading Section: "post-register/FabricFluidAPISupportPlugin/"
[20:23:38] [Worker-Main-5/DEBUG] [REI] [END] Reloading Section: "post-register/FabricFluidAPISupportPlugin/" done in 5.600 μs
[20:23:38] [Worker-Main-5/DEBUG] [REI] [END] Reloading Section: "post-register/DefaultRuntimePlugin [roughlyenoughitems]/"
[20:23:38] [Worker-Main-5/DEBUG] [REI] [END] Reloading Section: "post-register/DefaultRuntimePlugin [roughlyenoughitems]/" done in 6.100 μs
[20:23:38] [Worker-Main-5/DEBUG] [REI] [END] Reloading Section: "post-register/" done in 235.4 μs
[20:23:38] [Worker-Main-5/INFO] [REI] Reloaded Plugin Manager [REIPlugin] with 2 entry types, 5 item comparators, 0 fluid comparators and 2 fluid support providers in 52ms.
[20:23:38] [Worker-Main-5/DEBUG] [REI] [END] Reloading Section: "post-register/"
[20:23:38] [Worker-Main-5/DEBUG] [REI] [END] Reloading Section: "post-register/DefaultPlugin [roughlyenoughitems]/"
[20:23:38] [Worker-Main-5/DEBUG] [REI] [END] Reloading Section: "post-register/DefaultPlugin [roughlyenoughitems]/" done in 5.200 μs
[20:23:38] [Worker-Main-5/DEBUG] [REI] [END] Reloading Section: "post-register/FabricFluidAPISupportPlugin/"
[20:23:38] [Worker-Main-5/DEBUG] [REI] [END] Reloading Section: "post-register/FabricFluidAPISupportPlugin/" done in 6.100 μs
[20:23:38] [Worker-Main-5/DEBUG] [REI] [END] Reloading Section: "post-register/DefaultRuntimePlugin [roughlyenoughitems]/"
[20:23:38] [Worker-Main-5/DEBUG] [REI] [END] Reloading Section: "post-register/DefaultRuntimePlugin [roughlyenoughitems]/" done in 6.300 μs
[20:23:38] [Worker-Main-5/DEBUG] [REI] [END] Reloading Section: "post-register/" done in 271.8 μs
[20:23:38] [Worker-Main-5/INFO] [REI] Reloaded Plugin Manager [REIServerPlugin] with 4 menu infos in 10ms.
